0:0:0:0:0:0:0:1 - - [22/Jul/2020:11:33:14 +0800] "GET /dplm/doc.html HTTP/1.1" 200 780
0:0:0:0:0:0:0:1 - - [22/Jul/2020:11:33:14 +0800] "GET /dplm/webjars/js/app.b299109b.js HTTP/1.1" 200 351662
0:0:0:0:0:0:0:1 - - [22/Jul/2020:11:33:14 +0800] "GET /dplm/webjars/css/app.ba351dc1.css HTTP/1.1" 200 617851
0:0:0:0:0:0:0:1 - - [22/Jul/2020:11:33:14 +0800] "GET /dplm/webjars/js/chunk-vendors.9ff0f717.js HTTP/1.1" 200 4041267
0:0:0:0:0:0:0:1 - - [22/Jul/2020:11:33:15 +0800] "GET /dplm/swagger-resources/configuration/ui HTTP/1.1" 404 161
0:0:0:0:0:0:0:1 - - [22/Jul/2020:11:33:15 +0800] "GET /dplm/favicon.ico HTTP/1.1" 404 144
0:0:0:0:0:0:0:1 - - [22/Jul/2020:11:33:15 +0800] "GET /dplm/swagger-resources HTTP/1.1" 404 150
0:0:0:0:0:0:0:1 - - [22/Jul/2020:11:33:24 +0800] "GET /dplm/doc.html HTTP/1.1" 304 -
0:0:0:0:0:0:0:1 - - [22/Jul/2020:11:33:25 +0800] "GET /dplm/swagger-resources HTTP/1.1" 404 149
0:0:0:0:0:0:0:1 - - [22/Jul/2020:11:33:25 +0800] "GET /dplm/swagger-resources/configuration/ui HTTP/1.1" 404 161
0:0:0:0:0:0:0:1 - - [22/Jul/2020:11:34:17 +0800] "GET /user/info?id=fengqian07 HTTP/1.1" 404 431
0:0:0:0:0:0:0:1 - - [22/Jul/2020:11:34:17 +0800] "GET /favicon.ico HTTP/1.1" 404 431
0:0:0:0:0:0:0:1 - - [22/Jul/2020:11:35:08 +0800] "GET /user/info/fengqian07 HTTP/1.1" 404 431
0:0:0:0:0:0:0:1 - - [22/Jul/2020:11:35:29 +0800] "GET /dplm/user/info/fengqian07 HTTP/1.1" 500 298
0:0:0:0:0:0:0:1 - - [22/Jul/2020:11:37:52 +0800] "GET /dplm/user/info/fengqian07 HTTP/1.1" 500 298
0:0:0:0:0:0:0:1 - - [22/Jul/2020:14:15:31 +0800] "GET /dplm/user/info/fengqian07 HTTP/1.1" 500 298
0:0:0:0:0:0:0:1 - - [22/Jul/2020:14:23:22 +0800] "GET /dplm/user/info/fengqian07 HTTP/1.1" 500 298
0:0:0:0:0:0:0:1 - - [22/Jul/2020:14:26:16 +0800] "GET /dplm/user/info/fengqian07 HTTP/1.1" 500 298
0:0:0:0:0:0:0:1 - - [22/Jul/2020:14:27:43 +0800] "GET /dplm/user/info/fengqian07 HTTP/1.1" 500 298
0:0:0:0:0:0:0:1 - - [22/Jul/2020:14:28:27 +0800] "GET /dplm/user/info/fengqian07 HTTP/1.1" 500 298
0:0:0:0:0:0:0:1 - - [22/Jul/2020:14:41:04 +0800] "GET /dplm/user/info/fengqian07 HTTP/1.1" 500 298
0:0:0:0:0:0:0:1 - - [22/Jul/2020:14:43:21 +0800] "GET /dplm/user/info/fengqian07 HTTP/1.1" 500 298
0:0:0:0:0:0:0:1 - - [22/Jul/2020:14:44:15 +0800] "GET /dplm/user/info/fengqian07 HTTP/1.1" 500 298
0:0:0:0:0:0:0:1 - - [22/Jul/2020:14:45:40 +0800] "GET /dplm/user/info/fengqian07 HTTP/1.1" 500 298
0:0:0:0:0:0:0:1 - - [22/Jul/2020:14:47:49 +0800] "GET /dplm/user/info/fengqian07 HTTP/1.1" 500 298
0:0:0:0:0:0:0:1 - - [22/Jul/2020:14:51:51 +0800] "GET /dplm/user/info/fengqian07 HTTP/1.1" 500 298
0:0:0:0:0:0:0:1 - - [22/Jul/2020:14:56:08 +0800] "GET /dplm/user/info/fengqian07 HTTP/1.1" 500 298
0:0:0:0:0:0:0:1 - - [22/Jul/2020:15:04:18 +0800] "GET /dplm/user/info/fengqian07 HTTP/1.1" 500 298
0:0:0:0:0:0:0:1 - - [22/Jul/2020:15:05:10 +0800] "GET /dplm/user/info/fengqian07 HTTP/1.1" 500 298
0:0:0:0:0:0:0:1 - - [22/Jul/2020:15:10:21 +0800] "GET /dplm/user/info/fengqian07 HTTP/1.1" 500 298
0:0:0:0:0:0:0:1 - - [22/Jul/2020:15:10:54 +0800] "GET /dplm/user/info/fengqian07 HTTP/1.1" 500 298
0:0:0:0:0:0:0:1 - - [22/Jul/2020:15:11:54 +0800] "GET /dplm/user/info/fengqian07 HTTP/1.1" 500 298
0:0:0:0:0:0:0:1 - - [22/Jul/2020:15:12:43 +0800] "GET /dplm/user/info/fengqian07 HTTP/1.1" 200 374
0:0:0:0:0:0:0:1 - - [22/Jul/2020:15:13:36 +0800] "GET /dplm/user/info/fengqian07 HTTP/1.1" 500 298
0:0:0:0:0:0:0:1 - - [22/Jul/2020:15:13:55 +0800] "GET /dplm/user/info/fengqian07 HTTP/1.1" 500 298
0:0:0:0:0:0:0:1 - - [22/Jul/2020:15:15:07 +0800] "GET /dplm/user/info/fengqian07 HTTP/1.1" 200 374
